   1              		.cpu arm9e
   2              		.fpu softvfp
   3              		.eabi_attribute 20, 1
   4              		.eabi_attribute 21, 1
   5              		.eabi_attribute 23, 3
   6              		.eabi_attribute 24, 1
   7              		.eabi_attribute 25, 1
   8              		.eabi_attribute 26, 1
   9              		.eabi_attribute 30, 2
  10              		.eabi_attribute 18, 4
  11              		.file	"91x_it.c"
  19              	.Ltext0:
  20              		.cfi_sections	.debug_frame
  21              		.align	2
  22              		.global	Undefined_Handler
  24              	Undefined_Handler:
  25              	.LFB0:
  26              		.file 1 "libstr91x/src/91x_it.c"
   1:libstr91x/src/91x_it.c **** /******************** (C) COPYRIGHT 2008 STMicroelectronics ********************
   2:libstr91x/src/91x_it.c **** * File Name          : 91x_it.c
   3:libstr91x/src/91x_it.c **** * Author             : MCD Application Team
   4:libstr91x/src/91x_it.c **** * Version            : V2.1
   5:libstr91x/src/91x_it.c **** * Date               : 12/22/2008
   6:libstr91x/src/91x_it.c **** * Description        : Main Interrupt Service Routines.
   7:libstr91x/src/91x_it.c **** *                      This file can be used to describe all the exceptions
   8:libstr91x/src/91x_it.c **** *                      subroutines that may occur within user application.
   9:libstr91x/src/91x_it.c **** *                      When an interrupt happens, the software will branch
  10:libstr91x/src/91x_it.c **** *                      automatically to the corresponding routine.
  11:libstr91x/src/91x_it.c **** *                      The following routines are all empty, user can write code
  12:libstr91x/src/91x_it.c **** *                      for exceptions handlers and peripherals IRQ interrupts.
  13:libstr91x/src/91x_it.c **** ********************************************************************************
  14:libstr91x/src/91x_it.c **** * THE PRESENT SOFTWARE WHICH IS FOR GUIDANCE ONLY AIMS AT PROVIDING CUSTOMERS
  15:libstr91x/src/91x_it.c **** * WITH CODING INFORMATION REGARDING THEIR PRODUCTS IN ORDER FOR THEM TO SAVE TIME.
  16:libstr91x/src/91x_it.c **** * AS A RESULT, STMICROELECTRONICS SHALL NOT BE HELD LIABLE FOR ANY DIRECT,
  17:libstr91x/src/91x_it.c **** * INDIRECT OR CONSEQUENTIAL DAMAGES WITH RESPECT TO ANY CLAIMS ARISING FROM THE
  18:libstr91x/src/91x_it.c **** * CONTENT OF SUCH SOFTWARE AND/OR THE USE MADE BY CUSTOMERS OF THE CODING
  19:libstr91x/src/91x_it.c **** * INFORMATION CONTAINED HEREIN IN CONNECTION WITH THEIR PRODUCTS.
  20:libstr91x/src/91x_it.c **** *******************************************************************************/
  21:libstr91x/src/91x_it.c **** 
  22:libstr91x/src/91x_it.c **** /* Includes ------------------------------------------------------------------*/
  23:libstr91x/src/91x_it.c **** #include "91x_it.h"
  24:libstr91x/src/91x_it.c **** #include "usb_lib.h"
  25:libstr91x/src/91x_it.c **** #include "fat16.h"
  26:libstr91x/src/91x_it.c **** #include "main.h"
  27:libstr91x/src/91x_it.c **** #include "uart1.h"
  28:libstr91x/src/91x_it.c **** 
  29:libstr91x/src/91x_it.c **** 
  30:libstr91x/src/91x_it.c **** extern void USB_Istr(void);
  31:libstr91x/src/91x_it.c **** 
  32:libstr91x/src/91x_it.c **** /* Private typedef -----------------------------------------------------------*/
  33:libstr91x/src/91x_it.c **** /* Private define ------------------------------------------------------------*/
  34:libstr91x/src/91x_it.c **** /* Private macro -------------------------------------------------------------*/
  35:libstr91x/src/91x_it.c **** /* Private variables ---------------------------------------------------------*/
  36:libstr91x/src/91x_it.c **** /* Private function prototypes -----------------------------------------------*/
  37:libstr91x/src/91x_it.c **** /* Private functions ---------------------------------------------------------*/
  38:libstr91x/src/91x_it.c **** 
  39:libstr91x/src/91x_it.c **** /*******************************************************************************
  40:libstr91x/src/91x_it.c **** * Function Name  : Undefined_Handler
  41:libstr91x/src/91x_it.c **** * Description    : This function Undefined instruction exception.
  42:libstr91x/src/91x_it.c **** * Input          : None
  43:libstr91x/src/91x_it.c **** * Output         : None
  44:libstr91x/src/91x_it.c **** * Return         : None
  45:libstr91x/src/91x_it.c **** *******************************************************************************/
  46:libstr91x/src/91x_it.c **** void Undefined_Handler(void)
  47:libstr91x/src/91x_it.c **** {
  27              		.loc 1 47 0
  28              		.cfi_startproc
  29              		@ args = 0, pretend = 0, frame = 0
  30              		@ frame_needed = 0, uses_anonymous_args = 0
  31 0000 08402DE9 		stmfd	sp!, {r3, lr}
  32              	.LCFI0:
  33              		.cfi_def_cfa_offset 8
  48:libstr91x/src/91x_it.c **** 	UART1_PutString("\r\nUndefined Handler");
  34              		.loc 1 48 0
  35 0004 04009FE5 		ldr	r0, .L4
  36              		.cfi_offset 14, -4
  37              		.cfi_offset 3, -8
  38 0008 FEFFFFEB 		bl	UART1_PutString
  39              	.L2:
  40 000c FEFFFFEA 		b	.L2
  41              	.L5:
  42              		.align	2
  43              	.L4:
  44 0010 00000000 		.word	.LC0
  45              		.cfi_endproc
  46              	.LFE0:
  48              		.align	2
  49              		.global	SWI_Handler
  51              	SWI_Handler:
  52              	.LFB1:
  49:libstr91x/src/91x_it.c **** 	while(1)
  50:libstr91x/src/91x_it.c **** 	{
  51:libstr91x/src/91x_it.c ****   	// infinite loop
  52:libstr91x/src/91x_it.c **** 	}
  53:libstr91x/src/91x_it.c ****  }
  54:libstr91x/src/91x_it.c **** /*******************************************************************************
  55:libstr91x/src/91x_it.c **** * Function Name  : SWI_Handler
  56:libstr91x/src/91x_it.c **** * Description    : This function handles SW exception.
  57:libstr91x/src/91x_it.c **** * Input          : None
  58:libstr91x/src/91x_it.c **** * Output         : None
  59:libstr91x/src/91x_it.c **** * Return         : None
  60:libstr91x/src/91x_it.c **** *******************************************************************************/
  61:libstr91x/src/91x_it.c **** void SWI_Handler(void)
  62:libstr91x/src/91x_it.c **** {
  53              		.loc 1 62 0
  54              		.cfi_startproc
  55              		@ args = 0, pretend = 0, frame = 0
  56              		@ frame_needed = 0, uses_anonymous_args = 0
  57              		@ link register save eliminated.
  63:libstr91x/src/91x_it.c **** }
  58              		.loc 1 63 0
  59 0014 1EFF2FE1 		bx	lr
  60              		.cfi_endproc
  61              	.LFE1:
  63              		.align	2
  64              		.global	Prefetch_Handler
  66              	Prefetch_Handler:
  67              	.LFB2:
  64:libstr91x/src/91x_it.c **** /*******************************************************************************
  65:libstr91x/src/91x_it.c **** * Function Name  : Prefetch_Handler
  66:libstr91x/src/91x_it.c **** * Description    : This function handles preftetch abort exception.
  67:libstr91x/src/91x_it.c **** * Input          : None
  68:libstr91x/src/91x_it.c **** * Output         : None
  69:libstr91x/src/91x_it.c **** * Return         : None
  70:libstr91x/src/91x_it.c **** *******************************************************************************/
  71:libstr91x/src/91x_it.c **** void Prefetch_Handler(void)
  72:libstr91x/src/91x_it.c **** {
  68              		.loc 1 72 0
  69              		.cfi_startproc
  70              		@ args = 0, pretend = 0, frame = 0
  71              		@ frame_needed = 0, uses_anonymous_args = 0
  72 0018 08402DE9 		stmfd	sp!, {r3, lr}
  73              	.LCFI1:
  74              		.cfi_def_cfa_offset 8
  73:libstr91x/src/91x_it.c **** 	UART1_PutString("\r\nPrefetch Handler");
  75              		.loc 1 73 0
  76 001c 04009FE5 		ldr	r0, .L9
  77              		.cfi_offset 14, -4
  78              		.cfi_offset 3, -8
  79 0020 FEFFFFEB 		bl	UART1_PutString
  80              	.L8:
  81 0024 FEFFFFEA 		b	.L8
  82              	.L10:
  83              		.align	2
  84              	.L9:
  85 0028 14000000 		.word	.LC1
  86              		.cfi_endproc
  87              	.LFE2:
  89              		.align	2
  90              		.global	Abort_Handler
  92              	Abort_Handler:
  93              	.LFB3:
  74:libstr91x/src/91x_it.c **** 	while(1)
  75:libstr91x/src/91x_it.c **** 	{
  76:libstr91x/src/91x_it.c ****   	// infinite loop
  77:libstr91x/src/91x_it.c **** 	}
  78:libstr91x/src/91x_it.c **** }
  79:libstr91x/src/91x_it.c **** /*******************************************************************************
  80:libstr91x/src/91x_it.c **** * Function Name  : Abort_Handler
  81:libstr91x/src/91x_it.c **** * Description    : This function handles data abort exception.
  82:libstr91x/src/91x_it.c **** * Input          : None
  83:libstr91x/src/91x_it.c **** * Output         : None
  84:libstr91x/src/91x_it.c **** * Return         : None
  85:libstr91x/src/91x_it.c **** *******************************************************************************/
  86:libstr91x/src/91x_it.c **** void Abort_Handler(void)
  87:libstr91x/src/91x_it.c **** {
  94              		.loc 1 87 0
  95              		.cfi_startproc
  96              		@ args = 0, pretend = 0, frame = 0
  97              		@ frame_needed = 0, uses_anonymous_args = 0
  98 002c 08402DE9 		stmfd	sp!, {r3, lr}
  99              	.LCFI2:
 100              		.cfi_def_cfa_offset 8
  88:libstr91x/src/91x_it.c **** 	UART1_PutString("\r\nAbort Handler");
 101              		.loc 1 88 0
 102 0030 04009FE5 		ldr	r0, .L13
 103              		.cfi_offset 14, -4
 104              		.cfi_offset 3, -8
 105 0034 FEFFFFEB 		bl	UART1_PutString
 106              	.L12:
 107 0038 FEFFFFEA 		b	.L12
 108              	.L14:
 109              		.align	2
 110              	.L13:
 111 003c 28000000 		.word	.LC2
 112              		.cfi_endproc
 113              	.LFE3:
 115              		.align	2
 116              		.global	FIQ_Handler
 118              	FIQ_Handler:
 119              	.LFB4:
  89:libstr91x/src/91x_it.c **** 	while(1)
  90:libstr91x/src/91x_it.c **** 	{
  91:libstr91x/src/91x_it.c ****   	// infinite loop
  92:libstr91x/src/91x_it.c **** 	}
  93:libstr91x/src/91x_it.c **** }
  94:libstr91x/src/91x_it.c **** /*******************************************************************************
  95:libstr91x/src/91x_it.c **** * Function Name  : FIQ_Handler
  96:libstr91x/src/91x_it.c **** * Description    : This function handles FIQ exception.
  97:libstr91x/src/91x_it.c **** * Input          : None
  98:libstr91x/src/91x_it.c **** * Output         : None
  99:libstr91x/src/91x_it.c **** * Return         : None
 100:libstr91x/src/91x_it.c **** *******************************************************************************/
 101:libstr91x/src/91x_it.c **** void FIQ_Handler(void)
 102:libstr91x/src/91x_it.c **** {
 120              		.loc 1 102 0
 121              		.cfi_startproc
 122              		@ args = 0, pretend = 0, frame = 0
 123              		@ frame_needed = 0, uses_anonymous_args = 0
 124              		@ link register save eliminated.
 103:libstr91x/src/91x_it.c **** }
 125              		.loc 1 103 0
 126 0040 1EFF2FE1 		bx	lr
 127              		.cfi_endproc
 128              	.LFE4:
 130              		.align	2
 131              		.global	WDG_IRQHandler
 133              	WDG_IRQHandler:
 134              	.LFB5:
 104:libstr91x/src/91x_it.c **** /*******************************************************************************
 105:libstr91x/src/91x_it.c **** * Function Name  : WDG_IRQHandler
 106:libstr91x/src/91x_it.c **** * Description    : This function handles the WDG interrupt request
 107:libstr91x/src/91x_it.c **** * Input          : None
 108:libstr91x/src/91x_it.c **** * Output         : None
 109:libstr91x/src/91x_it.c **** * Return         : None
 110:libstr91x/src/91x_it.c **** *******************************************************************************/
 111:libstr91x/src/91x_it.c **** void WDG_IRQHandler(void)
 112:libstr91x/src/91x_it.c **** {
 135              		.loc 1 112 0
 136              		.cfi_startproc
 137              		@ args = 0, pretend = 0, frame = 0
 138              		@ frame_needed = 0, uses_anonymous_args = 0
 139              		@ link register save eliminated.
 113:libstr91x/src/91x_it.c **** }
 140              		.loc 1 113 0
 141 0044 1EFF2FE1 		bx	lr
 142              		.cfi_endproc
 143              	.LFE5:
 145              		.align	2
 146              		.global	SW_IRQHandler
 148              	SW_IRQHandler:
 149              	.LFB6:
 114:libstr91x/src/91x_it.c **** /*******************************************************************************
 115:libstr91x/src/91x_it.c **** * Function Name  : SW_IRQHandler
 116:libstr91x/src/91x_it.c **** * Description    : This function handles the SW interrupt request
 117:libstr91x/src/91x_it.c **** * Input          : None
 118:libstr91x/src/91x_it.c **** * Output         : None
 119:libstr91x/src/91x_it.c **** * Return         : None
 120:libstr91x/src/91x_it.c **** *******************************************************************************/
 121:libstr91x/src/91x_it.c **** void SW_IRQHandler(void)
 122:libstr91x/src/91x_it.c **** {
 150              		.loc 1 122 0
 151              		.cfi_startproc
 152              		@ args = 0, pretend = 0, frame = 0
 153              		@ frame_needed = 0, uses_anonymous_args = 0
 154              		@ link register save eliminated.
 123:libstr91x/src/91x_it.c **** }
 155              		.loc 1 123 0
 156 0048 1EFF2FE1 		bx	lr
 157              		.cfi_endproc
 158              	.LFE6:
 160              		.align	2
 161              		.global	ARMRX_IRQHandler
 163              	ARMRX_IRQHandler:
 164              	.LFB7:
 124:libstr91x/src/91x_it.c **** /*******************************************************************************
 125:libstr91x/src/91x_it.c **** * Function Name  : ARMRX_IRQHandler
 126:libstr91x/src/91x_it.c **** * Description    : This function handles the ARMRX interrupt request
 127:libstr91x/src/91x_it.c **** * Input          : None
 128:libstr91x/src/91x_it.c **** * Output         : None
 129:libstr91x/src/91x_it.c **** * Return         : None
 130:libstr91x/src/91x_it.c **** *******************************************************************************/
 131:libstr91x/src/91x_it.c **** void ARMRX_IRQHandler(void)
 132:libstr91x/src/91x_it.c **** {
 165              		.loc 1 132 0
 166              		.cfi_startproc
 167              		@ args = 0, pretend = 0, frame = 0
 168              		@ frame_needed = 0, uses_anonymous_args = 0
 169              		@ link register save eliminated.
 133:libstr91x/src/91x_it.c **** }
 170              		.loc 1 133 0
 171 004c 1EFF2FE1 		bx	lr
 172              		.cfi_endproc
 173              	.LFE7:
 175              		.align	2
 176              		.global	ARMTX_IRQHandler
 178              	ARMTX_IRQHandler:
 179              	.LFB8:
 134:libstr91x/src/91x_it.c **** /*******************************************************************************
 135:libstr91x/src/91x_it.c **** * Function Name  : ARMTX_IRQHandler
 136:libstr91x/src/91x_it.c **** * Description    : This function handles the ARMTX interrupt request
 137:libstr91x/src/91x_it.c **** * Input          : None
 138:libstr91x/src/91x_it.c **** * Output         : None
 139:libstr91x/src/91x_it.c **** * Return         : None
 140:libstr91x/src/91x_it.c **** *******************************************************************************/
 141:libstr91x/src/91x_it.c **** void ARMTX_IRQHandler(void)
 142:libstr91x/src/91x_it.c **** {
 180              		.loc 1 142 0
 181              		.cfi_startproc
 182              		@ args = 0, pretend = 0, frame = 0
 183              		@ frame_needed = 0, uses_anonymous_args = 0
 184              		@ link register save eliminated.
 143:libstr91x/src/91x_it.c **** }
 185              		.loc 1 143 0
 186 0050 1EFF2FE1 		bx	lr
 187              		.cfi_endproc
 188              	.LFE8:
 190              		.align	2
 191              		.global	TIM0_IRQHandler
 193              	TIM0_IRQHandler:
 194              	.LFB9:
 144:libstr91x/src/91x_it.c **** /*******************************************************************************
 145:libstr91x/src/91x_it.c **** * Function Name  : TIM0_IRQHandler
 146:libstr91x/src/91x_it.c **** * Description    : This function handles the TIM0 interrupt request
 147:libstr91x/src/91x_it.c **** * Input          : None
 148:libstr91x/src/91x_it.c **** * Output         : None
 149:libstr91x/src/91x_it.c **** * Return         : None
 150:libstr91x/src/91x_it.c **** *******************************************************************************/
 151:libstr91x/src/91x_it.c **** void TIM0_IRQHandler(void)
 152:libstr91x/src/91x_it.c **** {
 195              		.loc 1 152 0
 196              		.cfi_startproc
 197              		@ args = 0, pretend = 0, frame = 0
 198              		@ frame_needed = 0, uses_anonymous_args = 0
 199              		@ link register save eliminated.
 153:libstr91x/src/91x_it.c **** }
 200              		.loc 1 153 0
 201 0054 1EFF2FE1 		bx	lr
 202              		.cfi_endproc
 203              	.LFE9:
 205              		.align	2
 206              		.global	TIM3_IRQHandler
 208              	TIM3_IRQHandler:
 209              	.LFB10:
 154:libstr91x/src/91x_it.c **** /*******************************************************************************
 155:libstr91x/src/91x_it.c **** * Function Name  : TIM1_IRQHandler
 156:libstr91x/src/91x_it.c **** * Description    : This function handles the TIM1 interrupt request
 157:libstr91x/src/91x_it.c **** * Input          : None
 158:libstr91x/src/91x_it.c **** * Output         : None
 159:libstr91x/src/91x_it.c **** * Return         : None
 160:libstr91x/src/91x_it.c **** *******************************************************************************/
 161:libstr91x/src/91x_it.c **** /*
 162:libstr91x/src/91x_it.c **** void TIM1_IRQHandler(void)
 163:libstr91x/src/91x_it.c **** {
 164:libstr91x/src/91x_it.c **** }
 165:libstr91x/src/91x_it.c **** */
 166:libstr91x/src/91x_it.c **** /*******************************************************************************
 167:libstr91x/src/91x_it.c **** * Function Name  : TIM2_IRQHandler
 168:libstr91x/src/91x_it.c **** * Description    : This function handles the TIM2 interrupt request
 169:libstr91x/src/91x_it.c **** * Input          : None
 170:libstr91x/src/91x_it.c **** * Output         : None
 171:libstr91x/src/91x_it.c **** * Return         : None
 172:libstr91x/src/91x_it.c **** *******************************************************************************/
 173:libstr91x/src/91x_it.c **** /*
 174:libstr91x/src/91x_it.c **** void TIM2_IRQHandler(void)
 175:libstr91x/src/91x_it.c **** {
 176:libstr91x/src/91x_it.c **** }
 177:libstr91x/src/91x_it.c **** */
 178:libstr91x/src/91x_it.c **** /*******************************************************************************
 179:libstr91x/src/91x_it.c **** * Function Name  : TIM3_IRQHandler
 180:libstr91x/src/91x_it.c **** * Description    : This function handles the TIM3 interrupt request
 181:libstr91x/src/91x_it.c **** * Input          : None
 182:libstr91x/src/91x_it.c **** * Output         : None
 183:libstr91x/src/91x_it.c **** * Return         : None
 184:libstr91x/src/91x_it.c **** *******************************************************************************/
 185:libstr91x/src/91x_it.c **** void TIM3_IRQHandler(void)
 186:libstr91x/src/91x_it.c **** {
 210              		.loc 1 186 0
 211              		.cfi_startproc
 212              		@ args = 0, pretend = 0, frame = 0
 213              		@ frame_needed = 0, uses_anonymous_args = 0
 214              		@ link register save eliminated.
 187:libstr91x/src/91x_it.c **** }
 215              		.loc 1 187 0
 216 0058 1EFF2FE1 		bx	lr
 217              		.cfi_endproc
 218              	.LFE10:
 220              		.align	2
 221              		.global	USBHP_IRQHandler
 223              	USBHP_IRQHandler:
 224              	.LFB11:
 188:libstr91x/src/91x_it.c **** /*******************************************************************************
 189:libstr91x/src/91x_it.c **** * Function Name  : USBHP_IRQHandler
 190:libstr91x/src/91x_it.c **** * Description    : This function handles the USBHP interrupt request
 191:libstr91x/src/91x_it.c **** * Input          : None
 192:libstr91x/src/91x_it.c **** * Output         : None
 193:libstr91x/src/91x_it.c **** * Return         : None
 194:libstr91x/src/91x_it.c **** *******************************************************************************/
 195:libstr91x/src/91x_it.c **** void USBHP_IRQHandler(void)
 196:libstr91x/src/91x_it.c **** {
 225              		.loc 1 196 0
 226              		.cfi_startproc
 227              		@ args = 0, pretend = 0, frame = 0
 228              		@ frame_needed = 0, uses_anonymous_args = 0
 229 005c 08402DE9 		stmfd	sp!, {r3, lr}
 230              	.LCFI3:
 231              		.cfi_def_cfa_offset 8
 197:libstr91x/src/91x_it.c **** 	IENABLE;
 232              		.loc 1 197 0
 233              	@ 197 "libstr91x/src/91x_it.c" 1
 234 0060 00E04FE1 		MRS lr, spsr
 235              	@ 0 "" 2
 236              	@ 197 "libstr91x/src/91x_it.c" 1
 237 0064 04E02DE5 		STMFD sp!, {lr} 
 238              	@ 0 "" 2
 239              	@ 197 "libstr91x/src/91x_it.c" 1
 240 0068 1FF021E3 		MSR cpsr_c, #0x1F 
 241              	@ 0 "" 2
 242              	@ 197 "libstr91x/src/91x_it.c" 1
 243 006c 04E02DE5 		STMFD sp!, {lr} 
 244              	@ 0 "" 2
 198:libstr91x/src/91x_it.c **** 
 199:libstr91x/src/91x_it.c **** 	CTR_HP();
 245              		.loc 1 199 0
 246              		.cfi_offset 14, -4
 247              		.cfi_offset 3, -8
 248 0070 FEFFFFEB 		bl	CTR_HP
 200:libstr91x/src/91x_it.c **** 
 201:libstr91x/src/91x_it.c **** 	IDISABLE;
 249              		.loc 1 201 0
 250              	@ 201 "libstr91x/src/91x_it.c" 1
 251 0074 04E09DE4 		LDMFD sp!, {lr}
 252              	@ 0 "" 2
 253              	@ 201 "libstr91x/src/91x_it.c" 1
 254 0078 92F021E3 		MSR cpsr_c, #0x92
 255              	@ 0 "" 2
 256              	@ 201 "libstr91x/src/91x_it.c" 1
 257 007c 04009DE4 		LDMFD sp!, {r0}
 258              	@ 0 "" 2
 259              	@ 201 "libstr91x/src/91x_it.c" 1
 260 0080 00F06FE1 		MSR spsr_cxsf, r0
 261              	@ 0 "" 2
 202:libstr91x/src/91x_it.c **** }
 262              		.loc 1 202 0
 263 0084 0880BDE8 		ldmfd	sp!, {r3, pc}
 264              		.cfi_endproc
 265              	.LFE11:
 267              		.align	2
 268              		.global	USBLP_IRQHandler
 270              	USBLP_IRQHandler:
 271              	.LFB12:
 203:libstr91x/src/91x_it.c **** /*******************************************************************************
 204:libstr91x/src/91x_it.c **** * Function Name  : USBLP_IRQHandler
 205:libstr91x/src/91x_it.c **** * Description    : This function handles the USBLP interrupt request
 206:libstr91x/src/91x_it.c **** * Input          : None
 207:libstr91x/src/91x_it.c **** * Output         : None
 208:libstr91x/src/91x_it.c **** * Return         : None
 209:libstr91x/src/91x_it.c **** *******************************************************************************/
 210:libstr91x/src/91x_it.c **** void USBLP_IRQHandler(void)
 211:libstr91x/src/91x_it.c **** {
 272              		.loc 1 211 0
 273              		.cfi_startproc
 274              		@ args = 0, pretend = 0, frame = 0
 275              		@ frame_needed = 0, uses_anonymous_args = 0
 276 0088 08402DE9 		stmfd	sp!, {r3, lr}
 277              	.LCFI4:
 278              		.cfi_def_cfa_offset 8
 212:libstr91x/src/91x_it.c **** 	IENABLE;
 279              		.loc 1 212 0
 280              	@ 212 "libstr91x/src/91x_it.c" 1
 281 008c 00E04FE1 		MRS lr, spsr
 282              	@ 0 "" 2
 283              	@ 212 "libstr91x/src/91x_it.c" 1
 284 0090 04E02DE5 		STMFD sp!, {lr} 
 285              	@ 0 "" 2
 286              	@ 212 "libstr91x/src/91x_it.c" 1
 287 0094 1FF021E3 		MSR cpsr_c, #0x1F 
 288              	@ 0 "" 2
 289              	@ 212 "libstr91x/src/91x_it.c" 1
 290 0098 04E02DE5 		STMFD sp!, {lr} 
 291              	@ 0 "" 2
 213:libstr91x/src/91x_it.c **** 
 214:libstr91x/src/91x_it.c **** 	USB_Istr();
 292              		.loc 1 214 0
 293              		.cfi_offset 14, -4
 294              		.cfi_offset 3, -8
 295 009c FEFFFFEB 		bl	USB_Istr
 215:libstr91x/src/91x_it.c **** 
 216:libstr91x/src/91x_it.c **** 	IDISABLE;
 296              		.loc 1 216 0
 297              	@ 216 "libstr91x/src/91x_it.c" 1
 298 00a0 04E09DE4 		LDMFD sp!, {lr}
 299              	@ 0 "" 2
 300              	@ 216 "libstr91x/src/91x_it.c" 1
 301 00a4 92F021E3 		MSR cpsr_c, #0x92
 302              	@ 0 "" 2
 303              	@ 216 "libstr91x/src/91x_it.c" 1
 304 00a8 04009DE4 		LDMFD sp!, {r0}
 305              	@ 0 "" 2
 306              	@ 216 "libstr91x/src/91x_it.c" 1
 307 00ac 00F06FE1 		MSR spsr_cxsf, r0
 308              	@ 0 "" 2
 217:libstr91x/src/91x_it.c **** }
 309              		.loc 1 217 0
 310 00b0 0880BDE8 		ldmfd	sp!, {r3, pc}
 311              		.cfi_endproc
 312              	.LFE12:
 314              		.align	2
 315              		.global	SCU_IRQHandler
 317              	SCU_IRQHandler:
 318              	.LFB13:
 218:libstr91x/src/91x_it.c **** /*******************************************************************************
 219:libstr91x/src/91x_it.c **** * Function Name  : SCU_IRQHandler
 220:libstr91x/src/91x_it.c **** * Description    : This function handles the SCU interrupt request
 221:libstr91x/src/91x_it.c **** * Input          : None
 222:libstr91x/src/91x_it.c **** * Output         : None
 223:libstr91x/src/91x_it.c **** * Return         : None
 224:libstr91x/src/91x_it.c **** *******************************************************************************/
 225:libstr91x/src/91x_it.c **** void SCU_IRQHandler(void)
 226:libstr91x/src/91x_it.c **** {
 319              		.loc 1 226 0
 320              		.cfi_startproc
 321              		@ args = 0, pretend = 0, frame = 0
 322              		@ frame_needed = 0, uses_anonymous_args = 0
 323              		@ link register save eliminated.
 227:libstr91x/src/91x_it.c **** }
 324              		.loc 1 227 0
 325 00b4 1EFF2FE1 		bx	lr
 326              		.cfi_endproc
 327              	.LFE13:
 329              		.align	2
 330              		.global	ENET_IRQHandler
 332              	ENET_IRQHandler:
 333              	.LFB14:
 228:libstr91x/src/91x_it.c **** /*******************************************************************************
 229:libstr91x/src/91x_it.c **** * Function Name  : ENET_IRQHandler
 230:libstr91x/src/91x_it.c **** * Description    : This function handles the DENET interrupt request
 231:libstr91x/src/91x_it.c **** * Input          : None
 232:libstr91x/src/91x_it.c **** * Output         : None
 233:libstr91x/src/91x_it.c **** * Return         : None
 234:libstr91x/src/91x_it.c **** *******************************************************************************/
 235:libstr91x/src/91x_it.c **** void ENET_IRQHandler(void)
 236:libstr91x/src/91x_it.c **** {
 334              		.loc 1 236 0
 335              		.cfi_startproc
 336              		@ args = 0, pretend = 0, frame = 0
 337              		@ frame_needed = 0, uses_anonymous_args = 0
 338              		@ link register save eliminated.
 237:libstr91x/src/91x_it.c **** }
 339              		.loc 1 237 0
 340 00b8 1EFF2FE1 		bx	lr
 341              		.cfi_endproc
 342              	.LFE14:
 344              		.align	2
 345              		.global	DMA_IRQHandler
 347              	DMA_IRQHandler:
 348              	.LFB15:
 238:libstr91x/src/91x_it.c **** /*******************************************************************************
 239:libstr91x/src/91x_it.c **** * Function Name  : DMA_IRQHandler
 240:libstr91x/src/91x_it.c **** * Description    : This function handles the DMA interrupt request
 241:libstr91x/src/91x_it.c **** * Input          : None
 242:libstr91x/src/91x_it.c **** * Output         : None
 243:libstr91x/src/91x_it.c **** * Return         : None
 244:libstr91x/src/91x_it.c **** *******************************************************************************/
 245:libstr91x/src/91x_it.c **** void DMA_IRQHandler(void)
 246:libstr91x/src/91x_it.c **** {
 349              		.loc 1 246 0
 350              		.cfi_startproc
 351              		@ args = 0, pretend = 0, frame = 0
 352              		@ frame_needed = 0, uses_anonymous_args = 0
 353              		@ link register save eliminated.
 247:libstr91x/src/91x_it.c **** }
 354              		.loc 1 247 0
 355 00bc 1EFF2FE1 		bx	lr
 356              		.cfi_endproc
 357              	.LFE15:
 359              		.align	2
 360              		.global	CAN_IRQHandler
 362              	CAN_IRQHandler:
 363              	.LFB16:
 248:libstr91x/src/91x_it.c **** /*******************************************************************************
 249:libstr91x/src/91x_it.c **** * Function Name  : CAN_IRQHandler
 250:libstr91x/src/91x_it.c **** * Description    : This function handles the CAN interrupt request
 251:libstr91x/src/91x_it.c **** * Input          : None
 252:libstr91x/src/91x_it.c **** * Output         : None
 253:libstr91x/src/91x_it.c **** * Return         : None
 254:libstr91x/src/91x_it.c **** *******************************************************************************/
 255:libstr91x/src/91x_it.c **** void CAN_IRQHandler(void)
 256:libstr91x/src/91x_it.c **** {
 364              		.loc 1 256 0
 365              		.cfi_startproc
 366              		@ args = 0, pretend = 0, frame = 0
 367              		@ frame_needed = 0, uses_anonymous_args = 0
 368              		@ link register save eliminated.
 257:libstr91x/src/91x_it.c **** }
 369              		.loc 1 257 0
 370 00c0 1EFF2FE1 		bx	lr
 371              		.cfi_endproc
 372              	.LFE16:
 374              		.align	2
 375              		.global	MC_IRQHandler
 377              	MC_IRQHandler:
 378              	.LFB17:
 258:libstr91x/src/91x_it.c **** /*******************************************************************************
 259:libstr91x/src/91x_it.c **** * Function Name  : MC_IRQHandler
 260:libstr91x/src/91x_it.c **** * Description    : This function handles the MC interrupt request
 261:libstr91x/src/91x_it.c **** * Input          : None
 262:libstr91x/src/91x_it.c **** * Output         : None
 263:libstr91x/src/91x_it.c **** * Return         : None
 264:libstr91x/src/91x_it.c **** *******************************************************************************/
 265:libstr91x/src/91x_it.c **** void MC_IRQHandler(void)
 266:libstr91x/src/91x_it.c **** {
 379              		.loc 1 266 0
 380              		.cfi_startproc
 381              		@ args = 0, pretend = 0, frame = 0
 382              		@ frame_needed = 0, uses_anonymous_args = 0
 383              		@ link register save eliminated.
 267:libstr91x/src/91x_it.c **** }
 384              		.loc 1 267 0
 385 00c4 1EFF2FE1 		bx	lr
 386              		.cfi_endproc
 387              	.LFE17:
 389              		.align	2
 390              		.global	I2C0_IRQHandler
 392              	I2C0_IRQHandler:
 393              	.LFB18:
 268:libstr91x/src/91x_it.c **** /*******************************************************************************
 269:libstr91x/src/91x_it.c **** * Function Name  : ADC_IRQHandler
 270:libstr91x/src/91x_it.c **** * Description    : This function handles the ADC interrupt request
 271:libstr91x/src/91x_it.c **** * Input          : None
 272:libstr91x/src/91x_it.c **** * Output         : None
 273:libstr91x/src/91x_it.c **** * Return         : None
 274:libstr91x/src/91x_it.c **** *******************************************************************************/
 275:libstr91x/src/91x_it.c **** /*
 276:libstr91x/src/91x_it.c **** void ADC_IRQHandler(void)
 277:libstr91x/src/91x_it.c **** {
 278:libstr91x/src/91x_it.c **** }
 279:libstr91x/src/91x_it.c **** */
 280:libstr91x/src/91x_it.c **** /*******************************************************************************
 281:libstr91x/src/91x_it.c **** * Function Name  : UART0_IRQHandler
 282:libstr91x/src/91x_it.c **** * Description    : This function handles the UART0 interrupt request
 283:libstr91x/src/91x_it.c **** * Input          : None
 284:libstr91x/src/91x_it.c **** * Output         : None
 285:libstr91x/src/91x_it.c **** * Return         : None
 286:libstr91x/src/91x_it.c **** *******************************************************************************/
 287:libstr91x/src/91x_it.c **** /*
 288:libstr91x/src/91x_it.c **** void UART0_IRQHandler(void)
 289:libstr91x/src/91x_it.c **** {
 290:libstr91x/src/91x_it.c **** }
 291:libstr91x/src/91x_it.c **** */
 292:libstr91x/src/91x_it.c **** /*******************************************************************************
 293:libstr91x/src/91x_it.c **** * Function Name  : UART1_IRQHandler
 294:libstr91x/src/91x_it.c **** * Description    : This function handles the UART1 interrupt request
 295:libstr91x/src/91x_it.c **** * Input          : None
 296:libstr91x/src/91x_it.c **** * Output         : None
 297:libstr91x/src/91x_it.c **** * Return         : None
 298:libstr91x/src/91x_it.c **** *******************************************************************************/
 299:libstr91x/src/91x_it.c **** /*
 300:libstr91x/src/91x_it.c **** void UART1_IRQHandler(void)
 301:libstr91x/src/91x_it.c **** {
 302:libstr91x/src/91x_it.c **** }
 303:libstr91x/src/91x_it.c **** */
 304:libstr91x/src/91x_it.c **** /*******************************************************************************
 305:libstr91x/src/91x_it.c **** * Function Name  : UART2_IRQHandler
 306:libstr91x/src/91x_it.c **** * Description    : This function handles the UART2 interrupt request
 307:libstr91x/src/91x_it.c **** * Input          : None
 308:libstr91x/src/91x_it.c **** * Output         : None
 309:libstr91x/src/91x_it.c **** * Return         : None
 310:libstr91x/src/91x_it.c **** *******************************************************************************/
 311:libstr91x/src/91x_it.c **** /*
 312:libstr91x/src/91x_it.c **** void UART2_IRQHandler(void)
 313:libstr91x/src/91x_it.c **** {
 314:libstr91x/src/91x_it.c **** }
 315:libstr91x/src/91x_it.c **** */
 316:libstr91x/src/91x_it.c **** /*******************************************************************************
 317:libstr91x/src/91x_it.c **** * Function Name  : I2C0_IRQHandler
 318:libstr91x/src/91x_it.c **** * Description    : This function handles the I2C0 interrupt request
 319:libstr91x/src/91x_it.c **** * Input          : None
 320:libstr91x/src/91x_it.c **** * Output         : None
 321:libstr91x/src/91x_it.c **** * Return         : None
 322:libstr91x/src/91x_it.c **** *******************************************************************************/
 323:libstr91x/src/91x_it.c **** void I2C0_IRQHandler(void)
 324:libstr91x/src/91x_it.c **** {
 394              		.loc 1 324 0
 395              		.cfi_startproc
 396              		@ args = 0, pretend = 0, frame = 0
 397              		@ frame_needed = 0, uses_anonymous_args = 0
 398              		@ link register save eliminated.
 325:libstr91x/src/91x_it.c **** }
 399              		.loc 1 325 0
 400 00c8 1EFF2FE1 		bx	lr
 401              		.cfi_endproc
 402              	.LFE18:
 404              		.align	2
 405              		.global	SSP1_IRQHandler
 407              	SSP1_IRQHandler:
 408              	.LFB19:
 326:libstr91x/src/91x_it.c **** /*******************************************************************************
 327:libstr91x/src/91x_it.c **** * Function Name  : I2C1_IRQHandler
 328:libstr91x/src/91x_it.c **** * Description    : This function handles the I2C1 interrupt request
 329:libstr91x/src/91x_it.c **** * Input          : None
 330:libstr91x/src/91x_it.c **** * Output         : None
 331:libstr91x/src/91x_it.c **** * Return         : None
 332:libstr91x/src/91x_it.c **** *******************************************************************************/
 333:libstr91x/src/91x_it.c **** /*
 334:libstr91x/src/91x_it.c **** void I2C1_IRQHandler(void)
 335:libstr91x/src/91x_it.c **** {
 336:libstr91x/src/91x_it.c **** }
 337:libstr91x/src/91x_it.c **** */
 338:libstr91x/src/91x_it.c **** /*******************************************************************************
 339:libstr91x/src/91x_it.c **** * Function Name  : SSP0_IRQHandler
 340:libstr91x/src/91x_it.c **** * Description    : This function handles the SSP0 interrupt request
 341:libstr91x/src/91x_it.c **** * Input          : None
 342:libstr91x/src/91x_it.c **** * Output         : None
 343:libstr91x/src/91x_it.c **** * Return         : None
 344:libstr91x/src/91x_it.c **** *******************************************************************************/
 345:libstr91x/src/91x_it.c **** /*
 346:libstr91x/src/91x_it.c **** void SSP0_IRQHandler(void)
 347:libstr91x/src/91x_it.c **** {
 348:libstr91x/src/91x_it.c **** }
 349:libstr91x/src/91x_it.c **** */
 350:libstr91x/src/91x_it.c **** /*******************************************************************************
 351:libstr91x/src/91x_it.c **** * Function Name  : SSP1_IRQHandler
 352:libstr91x/src/91x_it.c **** * Description    : This function handles the SSP1 interrupt request
 353:libstr91x/src/91x_it.c **** * Input          : None
 354:libstr91x/src/91x_it.c **** * Output         : None
 355:libstr91x/src/91x_it.c **** * Return         : None
 356:libstr91x/src/91x_it.c **** *******************************************************************************/
 357:libstr91x/src/91x_it.c **** void SSP1_IRQHandler(void)
 358:libstr91x/src/91x_it.c **** {
 409              		.loc 1 358 0
 410              		.cfi_startproc
 411              		@ args = 0, pretend = 0, frame = 0
 412              		@ frame_needed = 0, uses_anonymous_args = 0
 413              		@ link register save eliminated.
 359:libstr91x/src/91x_it.c **** }
 414              		.loc 1 359 0
 415 00cc 1EFF2FE1 		bx	lr
 416              		.cfi_endproc
 417              	.LFE19:
 419              		.align	2
 420              		.global	LVD_IRQHandler
 422              	LVD_IRQHandler:
 423              	.LFB20:
 360:libstr91x/src/91x_it.c **** /*******************************************************************************
 361:libstr91x/src/91x_it.c **** * Function Name  : LVD_IRQHandler
 362:libstr91x/src/91x_it.c **** * Description    : This function handles the LVD interrupt request
 363:libstr91x/src/91x_it.c **** * Input          : None
 364:libstr91x/src/91x_it.c **** * Output         : None
 365:libstr91x/src/91x_it.c **** * Return         : None
 366:libstr91x/src/91x_it.c **** *******************************************************************************/
 367:libstr91x/src/91x_it.c **** void LVD_IRQHandler(void)
 368:libstr91x/src/91x_it.c **** {
 424              		.loc 1 368 0
 425              		.cfi_startproc
 426              		@ args = 0, pretend = 0, frame = 0
 427              		@ frame_needed = 0, uses_anonymous_args = 0
 428              		@ link register save eliminated.
 369:libstr91x/src/91x_it.c **** }
 429              		.loc 1 369 0
 430 00d0 1EFF2FE1 		bx	lr
 431              		.cfi_endproc
 432              	.LFE20:
 434              		.align	2
 435              		.global	RTC_IRQHandler
 437              	RTC_IRQHandler:
 438              	.LFB21:
 370:libstr91x/src/91x_it.c **** /*******************************************************************************
 371:libstr91x/src/91x_it.c **** * Function Name  : RTC_IRQHandler
 372:libstr91x/src/91x_it.c **** * Description    : This function handles the RTC interrupt request
 373:libstr91x/src/91x_it.c **** * Input          : None
 374:libstr91x/src/91x_it.c **** * Output         : None
 375:libstr91x/src/91x_it.c **** * Return         : None
 376:libstr91x/src/91x_it.c **** *******************************************************************************/
 377:libstr91x/src/91x_it.c **** void RTC_IRQHandler(void)
 378:libstr91x/src/91x_it.c **** {
 439              		.loc 1 378 0
 440              		.cfi_startproc
 441              		@ args = 0, pretend = 0, frame = 0
 442              		@ frame_needed = 0, uses_anonymous_args = 0
 443              		@ link register save eliminated.
 379:libstr91x/src/91x_it.c **** }
 444              		.loc 1 379 0
 445 00d4 1EFF2FE1 		bx	lr
 446              		.cfi_endproc
 447              	.LFE21:
 449              		.align	2
 450              		.global	WIU_IRQHandler
 452              	WIU_IRQHandler:
 453              	.LFB22:
 380:libstr91x/src/91x_it.c **** /*******************************************************************************
 381:libstr91x/src/91x_it.c **** * Function Name  : WIU_IRQHandler
 382:libstr91x/src/91x_it.c **** * Description    : This function handles the WIU interrupt request
 383:libstr91x/src/91x_it.c **** * Input          : None
 384:libstr91x/src/91x_it.c **** * Output         : None
 385:libstr91x/src/91x_it.c **** * Return         : None
 386:libstr91x/src/91x_it.c **** *******************************************************************************/
 387:libstr91x/src/91x_it.c **** void WIU_IRQHandler(void)
 388:libstr91x/src/91x_it.c **** {
 454              		.loc 1 388 0
 455              		.cfi_startproc
 456              		@ args = 0, pretend = 0, frame = 0
 457              		@ frame_needed = 0, uses_anonymous_args = 0
 458              		@ link register save eliminated.
 389:libstr91x/src/91x_it.c **** }
 459              		.loc 1 389 0
 460 00d8 1EFF2FE1 		bx	lr
 461              		.cfi_endproc
 462              	.LFE22:
 464              		.align	2
 465              		.global	EXTIT0_IRQHandler
 467              	EXTIT0_IRQHandler:
 468              	.LFB23:
 390:libstr91x/src/91x_it.c **** /*******************************************************************************
 391:libstr91x/src/91x_it.c **** * Function Name  : EXTIT0_IRQHandler
 392:libstr91x/src/91x_it.c **** * Description    : This function handles the EXTIT0 interrupt request
 393:libstr91x/src/91x_it.c **** * Input          : None
 394:libstr91x/src/91x_it.c **** * Output         : None
 395:libstr91x/src/91x_it.c **** * Return         : None
 396:libstr91x/src/91x_it.c **** *******************************************************************************/
 397:libstr91x/src/91x_it.c **** void EXTIT0_IRQHandler(void)
 398:libstr91x/src/91x_it.c **** {
 469              		.loc 1 398 0
 470              		.cfi_startproc
 471              		@ args = 0, pretend = 0, frame = 0
 472              		@ frame_needed = 0, uses_anonymous_args = 0
 473              		@ link register save eliminated.
 399:libstr91x/src/91x_it.c **** }
 474              		.loc 1 399 0
 475 00dc 1EFF2FE1 		bx	lr
 476              		.cfi_endproc
 477              	.LFE23:
 479              		.align	2
 480              		.global	EXTIT1_IRQHandler
 482              	EXTIT1_IRQHandler:
 483              	.LFB24:
 400:libstr91x/src/91x_it.c **** /*******************************************************************************
 401:libstr91x/src/91x_it.c **** * Function Name  : EXTIT1_IRQHandler
 402:libstr91x/src/91x_it.c **** * Description    : This function handles the EXTIT1 interrupt request
 403:libstr91x/src/91x_it.c **** * Input          : None
 404:libstr91x/src/91x_it.c **** * Output         : None
 405:libstr91x/src/91x_it.c **** * Return         : None
 406:libstr91x/src/91x_it.c **** *******************************************************************************/
 407:libstr91x/src/91x_it.c **** void EXTIT1_IRQHandler(void)
 408:libstr91x/src/91x_it.c **** {
 484              		.loc 1 408 0
 485              		.cfi_startproc
 486              		@ args = 0, pretend = 0, frame = 0
 487              		@ frame_needed = 0, uses_anonymous_args = 0
 488 00e0 08402DE9 		stmfd	sp!, {r3, lr}
 489              	.LCFI5:
 490              		.cfi_def_cfa_offset 8
 409:libstr91x/src/91x_it.c **** 	IENABLE;
 491              		.loc 1 409 0
 492              	@ 409 "libstr91x/src/91x_it.c" 1
 493 00e4 00E04FE1 		MRS lr, spsr
 494              	@ 0 "" 2
 495              	@ 409 "libstr91x/src/91x_it.c" 1
 496 00e8 04E02DE5 		STMFD sp!, {lr} 
 497              	@ 0 "" 2
 498              	@ 409 "libstr91x/src/91x_it.c" 1
 499 00ec 1FF021E3 		MSR cpsr_c, #0x1F 
 500              	@ 0 "" 2
 501              	@ 409 "libstr91x/src/91x_it.c" 1
 502 00f0 04E02DE5 		STMFD sp!, {lr} 
 503              	@ 0 "" 2
 410:libstr91x/src/91x_it.c **** 
 411:libstr91x/src/91x_it.c **** 	if(WIU_GetITStatus(WIU_Line11) != RESET)
 504              		.loc 1 411 0
 505 00f4 020BA0E3 		mov	r0, #2048
 506              		.cfi_offset 14, -4
 507              		.cfi_offset 3, -8
 508 00f8 FEFFFFEB 		bl	WIU_GetITStatus
 509 00fc 000050E3 		cmp	r0, #0
 510 0100 0700000A 		beq	.L36
 412:libstr91x/src/91x_it.c **** 	{
 413:libstr91x/src/91x_it.c **** 		BeepTime = 100;
 511              		.loc 1 413 0
 512 0104 2C309FE5 		ldr	r3, .L37
 513 0108 6420A0E3 		mov	r2, #100	@ movhi
 514 010c B020C3E1 		strh	r2, [r3, #0]	@ movhi
 414:libstr91x/src/91x_it.c **** 		Fat16_Init(); // initialize sd-card file system.
 515              		.loc 1 414 0
 516 0110 FEFFFFEB 		bl	Fat16_Init
 415:libstr91x/src/91x_it.c **** 
 416:libstr91x/src/91x_it.c **** 		WIU_ClearFlag(WIU_Line1);
 517              		.loc 1 416 0
 518 0114 0200A0E3 		mov	r0, #2
 519 0118 FEFFFFEB 		bl	WIU_ClearFlag
 417:libstr91x/src/91x_it.c **** 		WIU_ClearITPendingBit(WIU_Line11);
 520              		.loc 1 417 0
 521 011c 020BA0E3 		mov	r0, #2048
 522 0120 FEFFFFEB 		bl	WIU_ClearITPendingBit
 523              	.L36:
 418:libstr91x/src/91x_it.c **** 	}
 419:libstr91x/src/91x_it.c **** 
 420:libstr91x/src/91x_it.c **** 	IDISABLE;
 524              		.loc 1 420 0
 525              	@ 420 "libstr91x/src/91x_it.c" 1
 526 0124 04E09DE4 		LDMFD sp!, {lr}
 527              	@ 0 "" 2
 528              	@ 420 "libstr91x/src/91x_it.c" 1
 529 0128 92F021E3 		MSR cpsr_c, #0x92
 530              	@ 0 "" 2
 531              	@ 420 "libstr91x/src/91x_it.c" 1
 532 012c 04009DE4 		LDMFD sp!, {r0}
 533              	@ 0 "" 2
 534              	@ 420 "libstr91x/src/91x_it.c" 1
 535 0130 00F06FE1 		MSR spsr_cxsf, r0
 536              	@ 0 "" 2
 421:libstr91x/src/91x_it.c **** }
 537              		.loc 1 421 0
 538 0134 0880BDE8 		ldmfd	sp!, {r3, pc}
 539              	.L38:
 540              		.align	2
 541              	.L37:
 542 0138 00000000 		.word	BeepTime
 543              		.cfi_endproc
 544              	.LFE24:
 546              		.align	2
 547              		.global	EXTIT2_IRQHandler
 549              	EXTIT2_IRQHandler:
 550              	.LFB25:
 422:libstr91x/src/91x_it.c **** /*******************************************************************************
 423:libstr91x/src/91x_it.c **** * Function Name  : EXTIT2_IRQHandler
 424:libstr91x/src/91x_it.c **** * Description    : This function handles the EXTIT2 interrupt request
 425:libstr91x/src/91x_it.c **** * Input          : None
 426:libstr91x/src/91x_it.c **** * Output         : None
 427:libstr91x/src/91x_it.c **** * Return         : None
 428:libstr91x/src/91x_it.c **** *******************************************************************************/
 429:libstr91x/src/91x_it.c **** void EXTIT2_IRQHandler(void)
 430:libstr91x/src/91x_it.c **** {
 551              		.loc 1 430 0
 552              		.cfi_startproc
 553              		@ args = 0, pretend = 0, frame = 0
 554              		@ frame_needed = 0, uses_anonymous_args = 0
 555              		@ link register save eliminated.
 431:libstr91x/src/91x_it.c **** }
 556              		.loc 1 431 0
 557 013c 1EFF2FE1 		bx	lr
 558              		.cfi_endproc
 559              	.LFE25:
 561              		.align	2
 562              		.global	USBWU_IRQHandler
 564              	USBWU_IRQHandler:
 565              	.LFB26:
 432:libstr91x/src/91x_it.c **** /*******************************************************************************
 433:libstr91x/src/91x_it.c **** * Function Name  : EXTIT3_IRQHandler
 434:libstr91x/src/91x_it.c **** * Description    : This function handles the EXTIT3 interrupt request
 435:libstr91x/src/91x_it.c **** * Input          : None
 436:libstr91x/src/91x_it.c **** * Output         : None
 437:libstr91x/src/91x_it.c **** * Return         : None
 438:libstr91x/src/91x_it.c **** *******************************************************************************/
 439:libstr91x/src/91x_it.c **** /*
 440:libstr91x/src/91x_it.c **** void EXTIT3_IRQHandler(void)
 441:libstr91x/src/91x_it.c **** {
 442:libstr91x/src/91x_it.c **** }
 443:libstr91x/src/91x_it.c **** */
 444:libstr91x/src/91x_it.c **** /*******************************************************************************
 445:libstr91x/src/91x_it.c **** * Function Name  : USBWU_IRQHandler
 446:libstr91x/src/91x_it.c **** * Description    : This function handles the USBWU interrupt request
 447:libstr91x/src/91x_it.c **** * Input          : None
 448:libstr91x/src/91x_it.c **** * Output         : None
 449:libstr91x/src/91x_it.c **** * Return         : None
 450:libstr91x/src/91x_it.c **** *******************************************************************************/
 451:libstr91x/src/91x_it.c **** void USBWU_IRQHandler(void)
 452:libstr91x/src/91x_it.c **** {
 566              		.loc 1 452 0
 567              		.cfi_startproc
 568              		@ args = 0, pretend = 0, frame = 0
 569              		@ frame_needed = 0, uses_anonymous_args = 0
 570              		@ link register save eliminated.
 453:libstr91x/src/91x_it.c **** }
 571              		.loc 1 453 0
 572 0140 1EFF2FE1 		bx	lr
 573              		.cfi_endproc
 574              	.LFE26:
 576              		.align	2
 577              		.global	PFQBC_IRQHandler
 579              	PFQBC_IRQHandler:
 580              	.LFB27:
 454:libstr91x/src/91x_it.c **** /*******************************************************************************
 455:libstr91x/src/91x_it.c **** * Function Name  : PFQBC_IRQHandler
 456:libstr91x/src/91x_it.c **** * Description    : This function handles the PFQBC interrupt request
 457:libstr91x/src/91x_it.c **** * Input          : None
 458:libstr91x/src/91x_it.c **** * Output         : None
 459:libstr91x/src/91x_it.c **** * Return         : None
 460:libstr91x/src/91x_it.c **** *******************************************************************************/
 461:libstr91x/src/91x_it.c **** void PFQBC_IRQHandler(void)
 462:libstr91x/src/91x_it.c **** {
 581              		.loc 1 462 0
 582              		.cfi_startproc
 583              		@ args = 0, pretend = 0, frame = 0
 584              		@ frame_needed = 0, uses_anonymous_args = 0
 585              		@ link register save eliminated.
 463:libstr91x/src/91x_it.c **** }
 586              		.loc 1 463 0
 587 0144 1EFF2FE1 		bx	lr
 588              		.cfi_endproc
 589              	.LFE27:
 591              		.align	2
 592              		.global	DefaultVector_Handler
 594              	DefaultVector_Handler:
 595              	.LFB28:
 464:libstr91x/src/91x_it.c **** 
 465:libstr91x/src/91x_it.c **** /*******************************************************************************
 466:libstr91x/src/91x_it.c **** * Function Name  : Dummy_Handler
 467:libstr91x/src/91x_it.c **** * Description    : This function is used for handling a case of spurious interrupt
 468:libstr91x/src/91x_it.c **** * Input          : None
 469:libstr91x/src/91x_it.c **** * Output         : None
 470:libstr91x/src/91x_it.c **** * Return         : None
 471:libstr91x/src/91x_it.c **** *******************************************************************************/
 472:libstr91x/src/91x_it.c **** void DefaultVector_Handler(void)
 473:libstr91x/src/91x_it.c **** {
 596              		.loc 1 473 0
 597              		.cfi_startproc
 598              		@ args = 0, pretend = 0, frame = 0
 599              		@ frame_needed = 0, uses_anonymous_args = 0
 600              		@ link register save eliminated.
 474:libstr91x/src/91x_it.c ****     /* Write any value to VICs	*/
 475:libstr91x/src/91x_it.c ****     VIC0->VAR = 0xFF;
 601              		.loc 1 475 0
 602 0148 FF30A0E3 		mov	r3, #255
 603 014c 0F0CE0E3 		mvn	r0, #3840
 476:libstr91x/src/91x_it.c ****     VIC1->VAR = 0xFF;
 604              		.loc 1 476 0
 605 0150 3F23A0E3 		mov	r2, #-67108864
 475:libstr91x/src/91x_it.c ****     VIC0->VAR = 0xFF;
 606              		.loc 1 475 0
 607 0154 CF3000E5 		str	r3, [r0, #-207]
 608              		.loc 1 476 0
 609 0158 303082E5 		str	r3, [r2, #48]
 477:libstr91x/src/91x_it.c **** }
 610              		.loc 1 477 0
 611 015c 1EFF2FE1 		bx	lr
 612              		.cfi_endproc
 613              	.LFE28:
 615              		.section	.rodata.str1.4,"aMS",%progbits,1
 616              		.align	2
 617              	.LC0:
 618 0000 0D0A556E 		.ascii	"\015\012Undefined Handler\000"
 618      64656669 
 618      6E656420 
 618      48616E64 
 618      6C657200 
 619              	.LC1:
 620 0014 0D0A5072 		.ascii	"\015\012Prefetch Handler\000"
 620      65666574 
 620      63682048 
 620      616E646C 
 620      657200
 621 0027 00       		.space	1
 622              	.LC2:
 623 0028 0D0A4162 		.ascii	"\015\012Abort Handler\000"
 623      6F727420 
 623      48616E64 
 623      6C657200 
 624              		.text
 625              	.Letext0:
DEFINED SYMBOLS
                            *ABS*:00000000 91x_it.c
     /tmp/ccxo6UpT.s:21     .text:00000000 $a
     /tmp/ccxo6UpT.s:24     .text:00000000 Undefined_Handler
     /tmp/ccxo6UpT.s:44     .text:00000010 $d
     /tmp/ccxo6UpT.s:48     .text:00000014 $a
     /tmp/ccxo6UpT.s:51     .text:00000014 SWI_Handler
     /tmp/ccxo6UpT.s:66     .text:00000018 Prefetch_Handler
     /tmp/ccxo6UpT.s:85     .text:00000028 $d
     /tmp/ccxo6UpT.s:89     .text:0000002c $a
     /tmp/ccxo6UpT.s:92     .text:0000002c Abort_Handler
     /tmp/ccxo6UpT.s:111    .text:0000003c $d
     /tmp/ccxo6UpT.s:115    .text:00000040 $a
     /tmp/ccxo6UpT.s:118    .text:00000040 FIQ_Handler
     /tmp/ccxo6UpT.s:133    .text:00000044 WDG_IRQHandler
     /tmp/ccxo6UpT.s:148    .text:00000048 SW_IRQHandler
     /tmp/ccxo6UpT.s:163    .text:0000004c ARMRX_IRQHandler
     /tmp/ccxo6UpT.s:178    .text:00000050 ARMTX_IRQHandler
     /tmp/ccxo6UpT.s:193    .text:00000054 TIM0_IRQHandler
     /tmp/ccxo6UpT.s:208    .text:00000058 TIM3_IRQHandler
     /tmp/ccxo6UpT.s:223    .text:0000005c USBHP_IRQHandler
     /tmp/ccxo6UpT.s:270    .text:00000088 USBLP_IRQHandler
     /tmp/ccxo6UpT.s:317    .text:000000b4 SCU_IRQHandler
     /tmp/ccxo6UpT.s:332    .text:000000b8 ENET_IRQHandler
     /tmp/ccxo6UpT.s:347    .text:000000bc DMA_IRQHandler
     /tmp/ccxo6UpT.s:362    .text:000000c0 CAN_IRQHandler
     /tmp/ccxo6UpT.s:377    .text:000000c4 MC_IRQHandler
     /tmp/ccxo6UpT.s:392    .text:000000c8 I2C0_IRQHandler
     /tmp/ccxo6UpT.s:407    .text:000000cc SSP1_IRQHandler
     /tmp/ccxo6UpT.s:422    .text:000000d0 LVD_IRQHandler
     /tmp/ccxo6UpT.s:437    .text:000000d4 RTC_IRQHandler
     /tmp/ccxo6UpT.s:452    .text:000000d8 WIU_IRQHandler
     /tmp/ccxo6UpT.s:467    .text:000000dc EXTIT0_IRQHandler
     /tmp/ccxo6UpT.s:482    .text:000000e0 EXTIT1_IRQHandler
     /tmp/ccxo6UpT.s:542    .text:00000138 $d
     /tmp/ccxo6UpT.s:546    .text:0000013c $a
     /tmp/ccxo6UpT.s:549    .text:0000013c EXTIT2_IRQHandler
     /tmp/ccxo6UpT.s:564    .text:00000140 USBWU_IRQHandler
     /tmp/ccxo6UpT.s:579    .text:00000144 PFQBC_IRQHandler
     /tmp/ccxo6UpT.s:594    .text:00000148 DefaultVector_Handler
     /tmp/ccxo6UpT.s:616    .rodata.str1.4:00000000 $d
                     .debug_frame:00000010 $d

UNDEFINED SYMBOLS
UART1_PutString
CTR_HP
USB_Istr
WIU_GetITStatus
Fat16_Init
WIU_ClearFlag
WIU_ClearITPendingBit
BeepTime
